[2021-08-24 23:14:02.465] [exthost] [info] extension host started
[2021-08-24 23:14:02.465] [exthost] [info] Skipping acquiring lock for /home/viktor/.config/Code/User/workspaceStorage/6a3f725f149dc07ddafdda31f28ac91e.
[2021-08-24 23:14:02.500] [exthost] [info] ExtensionService#_doActivateExtension vscode.microsoft-authentication {"startup":false,"extensionId":{"value":"vscode.microsoft-authentication","_lower":"vscode.microsoft-authentication"},"activationEvent":"onAuthenticationRequest:microsoft"}
[2021-08-24 23:14:02.500] [exthost] [info] ExtensionService#loadCommonJSModule file:///opt/visual-studio-code/resources/app/extensions/microsoft-authentication/dist/extension.js
[2021-08-24 23:14:02.519] [exthost] [info] ExtensionService#_doActivateExtension vscode.debug-auto-launch {"startup":true,"extensionId":{"value":"vscode.debug-auto-launch","_lower":"vscode.debug-auto-launch"},"activationEvent":"*"}
[2021-08-24 23:14:02.519] [exthost] [info] ExtensionService#loadCommonJSModule file:///opt/visual-studio-code/resources/app/extensions/debug-auto-launch/dist/extension
[2021-08-24 23:14:02.521] [exthost] [info] ExtensionService#_doActivateExtension vscode.git {"startup":true,"extensionId":{"value":"vscode.github","_lower":"vscode.github"},"activationEvent":"*"}
[2021-08-24 23:14:02.521] [exthost] [info] ExtensionService#loadCommonJSModule file:///opt/visual-studio-code/resources/app/extensions/git/dist/main
[2021-08-24 23:14:02.610] [exthost] [info] ExtensionService#_doActivateExtension vscode.github {"startup":true,"extensionId":{"value":"vscode.github","_lower":"vscode.github"},"activationEvent":"*"}
[2021-08-24 23:14:02.610] [exthost] [info] ExtensionService#loadCommonJSModule file:///opt/visual-studio-code/resources/app/extensions/github/dist/extension.js
[2021-08-24 23:14:02.633] [exthost] [info] eager extensions activated
[2021-08-24 23:14:02.635] [exthost] [info] ExtensionService#_doActivateExtension ms-vscode.js-debug {"startup":false,"extensionId":{"value":"ms-vscode.js-debug","_lower":"ms-vscode.js-debug"},"activationEvent":"onCommand:extension.js-debug.clearAutoAttachVariables"}
[2021-08-24 23:14:02.635] [exthost] [info] ExtensionService#loadCommonJSModule file:///opt/visual-studio-code/resources/app/extensions/ms-vscode.js-debug/src/extension.js
[2021-08-24 23:14:02.718] [exthost] [info] ExtensionService#_doActivateExtension vscode.emmet {"startup":false,"extensionId":{"value":"vscode.emmet","_lower":"vscode.emmet"},"activationEvent":"onStartupFinished"}
[2021-08-24 23:14:02.718] [exthost] [info] ExtensionService#loadCommonJSModule file:///opt/visual-studio-code/resources/app/extensions/emmet/dist/node/emmetNodeMain
[2021-08-24 23:14:02.722] [exthost] [info] ExtensionService#_doActivateExtension vscode.merge-conflict {"startup":false,"extensionId":{"value":"vscode.merge-conflict","_lower":"vscode.merge-conflict"},"activationEvent":"onStartupFinished"}
[2021-08-24 23:14:02.722] [exthost] [info] ExtensionService#loadCommonJSModule file:///opt/visual-studio-code/resources/app/extensions/merge-conflict/dist/mergeConflictMain
[2021-08-24 23:14:02.820] [exthost] [info] ExtensionService#_doActivateExtension vscode.github-authentication {"startup":false,"extensionId":{"value":"vscode.github-authentication","_lower":"vscode.github-authentication"},"activationEvent":"onAuthenticationRequest:github"}
[2021-08-24 23:14:02.820] [exthost] [info] ExtensionService#loadCommonJSModule file:///opt/visual-studio-code/resources/app/extensions/github-authentication/dist/extension.js
[2021-08-24 23:14:13.000] [exthost] [info] ExtensionService#_doActivateExtension HookyQR.beautify {"startup":false,"extensionId":{"value":"HookyQR.beautify","_lower":"hookyqr.beautify"},"activationEvent":"*"}
[2021-08-24 23:14:13.000] [exthost] [info] ExtensionService#loadCommonJSModule file:///home/viktor/.vscode/extensions/hookyqr.beautify-1.5.0/extension
[2021-08-24 23:14:13.045] [exthost] [info] ExtensionService#_doActivateExtension ms-python.python {"startup":false,"extensionId":{"value":"ms-python.python","_lower":"ms-python.python"},"activationEvent":"onWalkthrough:pythonWelcome"}
[2021-08-24 23:14:13.045] [exthost] [info] ExtensionService#loadCommonJSModule file:///home/viktor/.vscode/extensions/ms-python.python-2021.8.1147840270/out/client/extension
[2021-08-24 23:14:13.240] [exthost] [info] ExtensionService#_doActivateExtension Shan.code-settings-sync {"startup":false,"extensionId":{"value":"Shan.code-settings-sync","_lower":"shan.code-settings-sync"},"activationEvent":"*"}
[2021-08-24 23:14:13.240] [exthost] [info] ExtensionService#loadCommonJSModule file:///home/viktor/.vscode/extensions/shan.code-settings-sync-3.4.3/out/extension.js
[2021-08-24 23:14:14.639] [exthost] [info] ExtensionService#_doActivateExtension ms-python.vscode-pylance {"startup":false,"extensionId":{"value":"ms-python.python","_lower":"ms-python.python"},"activationEvent":"api"}
[2021-08-24 23:14:14.639] [exthost] [info] ExtensionService#loadCommonJSModule file:///home/viktor/.vscode/extensions/ms-python.vscode-pylance-2021.8.2/dist/extension.bundle.js
[2021-08-24 23:15:02.016] [exthost] [info] ExtensionService#_doActivateExtension batisteo.vscode-django {"startup":false,"extensionId":{"value":"batisteo.vscode-django","_lower":"batisteo.vscode-django"},"activationEvent":"onLanguage:python"}
[2021-08-24 23:15:02.016] [exthost] [info] ExtensionService#loadCommonJSModule file:///home/viktor/.vscode/extensions/batisteo.vscode-django-1.6.0/out/extension
[2021-08-24 23:15:02.031] [exthost] [info] ExtensionService#_doActivateExtension ms-toolsai.jupyter {"startup":false,"extensionId":{"value":"ms-toolsai.jupyter","_lower":"ms-toolsai.jupyter"},"activationEvent":"onLanguage:python"}
[2021-08-24 23:15:02.031] [exthost] [info] ExtensionService#loadCommonJSModule file:///home/viktor/.vscode/extensions/ms-toolsai.jupyter-2021.8.1236758218/out/client/extension
[2021-08-25 00:05:34.897] [exthost] [info] extension host terminating: renderer closed the socket
[2021-08-25 00:05:35.921] [exthost] [info] exiting with code 0
